<?xml version="1.0" encoding="UTF-8"?>
<!-- Generated by org.testng.reporters.JUnitReportReporter -->
<testsuite hostname="DESKTOP-VD4OOGI" failures="0" tests="3" name="Practice.Practice_Test1" time="0.002" errors="0" timestamp="2023-08-16T13:05:38 IST" skipped="0">
  <testcase classname="Practice.Practice_Test1" name="manage_area" time="0.001"/>
  <system-out/>
  <testcase classname="Practice.Practice_Test1" name="Manuf" time="0.001"/>
  <system-out/>
  <testcase classname="Practice.Practice_Test1" name="retial" time="0.000"/>
  <system-out/>
</testsuite> <!-- Practice.Practice_Test1 -->
