<?xml version="1.0" encoding="UTF-8"?>
<!-- Generated by org.testng.reporters.JUnitReportReporter -->
<testsuite hostname="DESKTOP-VD4OOGI" failures="0" tests="2" name="Practice.Practice_Test2" time="0.009" errors="0" timestamp="2023-08-16T14:37:17 IST" skipped="0">
  <testcase classname="Practice.Practice_Test2" name="Area" time="0.008"/>
  <system-out/>
  <testcase classname="Practice.Practice_Test2" name="category" time="0.001"/>
  <system-out/>
</testsuite> <!-- Practice.Practice_Test2 -->
